<?xml version="1.0" encoding="UTF-8"?>
<scr:component xmlns:scr="http://www.osgi.org/xmlns/scr/v1.1.0" name="org.eclipselabs.etrack.web.security.authentication.basic.junit.integration">
   <implementation class="org.eclipselabs.etrack.web.security.authentication.basic.junit.integration.tests.TestBasicAuthenticationFilterProvider"/>
   <reference cardinality="1..1" interface="org.osgi.service.http.HttpService" name="HttpService" policy="static"/>
   <reference cardinality="1..1" interface="org.restlet.ext.osgi.IApplicationProvider" name="IApplicationProvider" policy="static"/>
   <reference cardinality="1..1" interface="org.restlet.ext.osgi.IResourceProvider" name="IResourceProvider" policy="static"/>
</scr:component>
